Copyright 1986-2022 Xilinx, Inc. All Rights Reserved. Copyright 2022-2025 Advanced Micro Devices, Inc. All Rights Reserved.
---------------------------------------------------------------------------------------------------------------------------------------------
| Tool Version : Vivado v.2025.2 (lin64) Build 6299465 Fri Nov 14 12:34:56 MST 2025
| Date         : Sat Jul  4 11:37:42 2026
| Host         : ian running 64-bit Ubuntu 24.04.3 LTS
| Command      : report_timing_summary -file fpga/arty_a7/build/timing.rpt
| Design       : arty_a7_top
| Device       : 7a35ti-csg324
| Speed File   : -1L  PRODUCTION 1.23 2018-06-13
| Design State : Routed
---------------------------------------------------------------------------------------------------------------------------------------------

Timing Summary Report

------------------------------------------------------------------------------------------------
| Timer Settings
| --------------
------------------------------------------------------------------------------------------------

  Enable Multi Corner Analysis               :  Yes
  Enable Pessimism Removal                   :  Yes
  Pessimism Removal Resolution               :  Nearest Common Node
  Enable Input Delay Default Clock           :  No
  Enable Preset / Clear Arcs                 :  No
  Disable Flight Delays                      :  No
  Ignore I/O Paths                           :  No
  Timing Early Launch at Borrowing Latches   :  No
  Borrow Time for Max Delay Exceptions       :  Yes
  Merge Timing Exceptions                    :  Yes
  Inter-SLR Compensation                     :  Conservative

  Corner  Analyze    Analyze    
  Name    Max Paths  Min Paths  
  ------  ---------  ---------  
  Slow    Yes        Yes        
  Fast    Yes        Yes        


------------------------------------------------------------------------------------------------
| Report Methodology
| ------------------
------------------------------------------------------------------------------------------------

No report available as report_methodology has not been run prior. Run report_methodology on the current design for the summary of methodology violations.



check_timing report

Table of Contents
-----------------
1. checking no_clock (0)
2. checking constant_clock (0)
3. checking pulse_width_clock (0)
4. checking unconstrained_internal_endpoints (0)
5. checking no_input_delay (2)
6. checking no_output_delay (6)
7. checking multiple_clock (0)
8. checking generated_clocks (0)
9. checking loops (0)
10. checking partial_input_delay (0)
11. checking partial_output_delay (0)
12. checking latch_loops (0)

1. checking no_clock (0)
------------------------
 There are 0 register/latch pins with no clock.


2. checking constant_clock (0)
------------------------------
 There are 0 register/latch pins with constant_clock.


3. checking pulse_width_clock (0)
---------------------------------
 There are 0 register/latch pins which need pulse_width check


4. checking unconstrained_internal_endpoints (0)
------------------------------------------------
 There are 0 pins that are not constrained for maximum delay.

 There are 0 pins that are not constrained for maximum delay due to constant clock.


5. checking no_input_delay (2)
------------------------------
 There are 0 input ports with no input delay specified.

 There are 2 input ports with no input delay but user has a false path constraint. (MEDIUM)


6. checking no_output_delay (6)
-------------------------------
 There are 6 ports with no output delay specified. (HIGH)

 There are 0 ports with no output delay but user has a false path constraint

 There are 0 ports with no output delay but with a timing clock defined on it or propagating through it


7. checking multiple_clock (0)
------------------------------
 There are 0 register/latch pins with multiple clocks.


8. checking generated_clocks (0)
--------------------------------
 There are 0 generated clocks that are not connected to a clock source.


9. checking loops (0)
---------------------
 There are 0 combinational loops in the design.


10. checking partial_input_delay (0)
------------------------------------
 There are 0 input ports with partial input delay specified.


11. checking partial_output_delay (0)
-------------------------------------
 There are 0 ports with partial output delay specified.


12. checking latch_loops (0)
----------------------------
 There are 0 combinational latch loops in the design through latch input



------------------------------------------------------------------------------------------------
| Design Timing Summary
| ---------------------
------------------------------------------------------------------------------------------------

    WNS(ns)      TNS(ns)  TNS Failing Endpoints  TNS Total Endpoints      WHS(ns)      THS(ns)  THS Failing Endpoints  THS Total Endpoints     WPWS(ns)     TPWS(ns)  TPWS Failing Endpoints  TPWS Total Endpoints  
    -------      -------  ---------------------  -------------------      -------      -------  ---------------------  -------------------     --------     --------  ----------------------  --------------------  
      5.181        0.000                      0                 8044        0.088        0.000                      0                 8044        3.000        0.000                       0                  1687  


All user specified timing constraints are met.


------------------------------------------------------------------------------------------------
| Clock Summary
| -------------
------------------------------------------------------------------------------------------------

Clock         Waveform(ns)       Period(ns)      Frequency(MHz)
-----         ------------       ----------      --------------
sys_clk       {0.000 5.000}      10.000          100.000         
  clk_50_raw  {0.000 10.000}     20.000          50.000          
  clk_fb      {0.000 5.000}      10.000          100.000         


------------------------------------------------------------------------------------------------
| Intra Clock Table
| -----------------
------------------------------------------------------------------------------------------------

Clock             WNS(ns)      TNS(ns)  TNS Failing Endpoints  TNS Total Endpoints      WHS(ns)      THS(ns)  THS Failing Endpoints  THS Total Endpoints     WPWS(ns)     TPWS(ns)  TPWS Failing Endpoints  TPWS Total Endpoints  
-----             -------      -------  ---------------------  -------------------      -------      -------  ---------------------  -------------------     --------     --------  ----------------------  --------------------  
sys_clk                                                                                                                                                         3.000        0.000                       0                     1  
  clk_50_raw        5.181        0.000                      0                 6441        0.088        0.000                      0                 6441        9.500        0.000                       0                  1684  
  clk_fb                                                                                                                                                        8.751        0.000                       0                     2  


------------------------------------------------------------------------------------------------
| Inter Clock Table
| -----------------
------------------------------------------------------------------------------------------------

From Clock    To Clock          WNS(ns)      TNS(ns)  TNS Failing Endpoints  TNS Total Endpoints      WHS(ns)      THS(ns)  THS Failing Endpoints  THS Total Endpoints  
----------    --------          -------      -------  ---------------------  -------------------      -------      -------  ---------------------  -------------------  


------------------------------------------------------------------------------------------------
| Other Path Groups Table
| -----------------------
------------------------------------------------------------------------------------------------

Path Group         From Clock         To Clock               WNS(ns)      TNS(ns)  TNS Failing Endpoints  TNS Total Endpoints      WHS(ns)      THS(ns)  THS Failing Endpoints  THS Total Endpoints  
----------         ----------         --------               -------      -------  ---------------------  -------------------      -------      -------  ---------------------  -------------------  
**async_default**  clk_50_raw         clk_50_raw               8.972        0.000                      0                 1603        0.631        0.000                      0                 1603  


------------------------------------------------------------------------------------------------
| Timing Details
| --------------
------------------------------------------------------------------------------------------------


---------------------------------------------------------------------------------------------------
From Clock:  sys_clk
  To Clock:  sys_clk

Setup :           NA  Failing Endpoints,  Worst Slack           NA  ,  Total Violation           NA
Hold  :           NA  Failing Endpoints,  Worst Slack           NA  ,  Total Violation           NA
PW    :            0  Failing Endpoints,  Worst Slack        3.000ns,  Total Violation        0.000ns
---------------------------------------------------------------------------------------------------


Pulse Width Checks
--------------------------------------------------------------------------------------
Clock Name:         sys_clk
Waveform(ns):       { 0.000 5.000 }
Period(ns):         10.000
Sources:            { CLK100MHZ }

Check Type        Corner  Lib Pin            Reference Pin  Required(ns)  Actual(ns)  Slack(ns)  Location         Pin
Min Period        n/a     MMCME2_ADV/CLKIN1  n/a            1.249         10.000      8.751      MMCME2_ADV_X1Y1  u_mmcm/CLKIN1
Max Period        n/a     MMCME2_ADV/CLKIN1  n/a            100.000       10.000      90.000     MMCME2_ADV_X1Y1  u_mmcm/CLKIN1
Low Pulse Width   Slow    MMCME2_ADV/CLKIN1  n/a            2.000         5.000       3.000      MMCME2_ADV_X1Y1  u_mmcm/CLKIN1
High Pulse Width  Slow    MMCME2_ADV/CLKIN1  n/a            2.000         5.000       3.000      MMCME2_ADV_X1Y1  u_mmcm/CLKIN1



---------------------------------------------------------------------------------------------------
From Clock:  clk_50_raw
  To Clock:  clk_50_raw

Setup :            0  Failing Endpoints,  Worst Slack        5.181ns,  Total Violation        0.000ns
Hold  :            0  Failing Endpoints,  Worst Slack        0.088ns,  Total Violation        0.000ns
PW    :            0  Failing Endpoints,  Worst Slack        9.500ns,  Total Violation        0.000ns
---------------------------------------------------------------------------------------------------


Max Delay Paths
--------------------------------------------------------------------------------------
Slack (MET) :             5.181ns  (required time - arrival time)
  Source:                 u_top/u_npu/u_conv/img_h_q_reg[4]/C
                            (rising edge-triggered cell FDCE clocked by clk_50_raw  {rise@0.000ns fall@10.000ns period=20.000ns})
  Destination:            u_top/u_fm/mem_reg_0/ADDRBWRADDR[13]
                            (rising edge-triggered cell RAMB36E1 clocked by clk_50_raw  {rise@0.000ns fall@10.000ns period=20.000ns})
  Path Group:             clk_50_raw
  Path Type:              Setup (Max at Slow Process Corner)
  Requirement:            20.000ns  (clk_50_raw rise@20.000ns - clk_50_raw rise@0.000ns)
  Data Path Delay:        14.046ns  (logic 8.194ns (58.337%)  route 5.852ns (41.663%))
  Logic Levels:           10  (CARRY4=4 DSP48E1=2 LUT2=1 LUT6=3)
  Clock Path Skew:        -0.125ns (DCD - SCD + CPR)
    Destination Clock Delay (DCD):    5.831ns = ( 25.831 - 20.000 ) 
    Source Clock Delay      (SCD):    6.188ns
    Clock Pessimism Removal (CPR):    0.232ns
  Clock Uncertainty:      0.082ns  ((TSJ^2 + DJ^2)^1/2) / 2 + PE
    Total System Jitter     (TSJ):    0.071ns
    Discrete Jitter          (DJ):    0.147ns
    Phase Error              (PE):    0.000ns

    Location             Delay type                Incr(ns)  Path(ns)    Netlist Resource(s)
  -------------------------------------------------------------------    -------------------
                         (clock clk_50_raw rise edge)
                                                      0.000     0.000 r  
    E3                                                0.000     0.000 r  CLK100MHZ (IN)
                         net (fo=0)                   0.000     0.000    CLK100MHZ
    E3                   IBUF (Prop_ibuf_I_O)         1.489     1.489 r  CLK100MHZ_IBUF_inst/O
                         net (fo=1, routed)           1.233     2.722    CLK100MHZ_IBUF
    MMCME2_ADV_X1Y1      MMCME2_ADV (Prop_mmcme2_adv_CLKIN1_CLKOUT0)
                                                      0.088     2.810 r  u_mmcm/CLKOUT0
                         net (fo=1, routed)           1.661     4.471    clk_50_raw
    BUFGCTRL_X0Y16       BUFG (Prop_bufg_I_O)         0.096     4.567 r  u_bufg/O
                         net (fo=1682, routed)        1.621     6.188    u_top/u_npu/u_conv/clk_50
    SLICE_X4Y54          FDCE                                         r  u_top/u_npu/u_conv/img_h_q_reg[4]/C
  -------------------------------------------------------------------    -------------------
    SLICE_X4Y54          FDCE (Prop_fdce_C_Q)         0.456     6.644 r  u_top/u_npu/u_conv/img_h_q_reg[4]/Q
                         net (fo=17, routed)          1.685     8.329    u_top/u_npu/u_conv/img_h_q[4]
    SLICE_X14Y58         LUT6 (Prop_lut6_I0_O)        0.124     8.453 r  u_top/u_npu/u_conv/ifm_addr2_i_38/O
                         net (fo=2, routed)           0.294     8.747    u_top/u_npu/u_conv/ifm_addr2_i_38_n_0
    SLICE_X14Y58         LUT6 (Prop_lut6_I5_O)        0.124     8.871 r  u_top/u_npu/u_conv/ifm_addr2_i_23/O
                         net (fo=2, routed)           0.581     9.452    u_top/u_npu/u_conv/ifm_addr2_i_23_n_0
    SLICE_X12Y57         LUT6 (Prop_lut6_I0_O)        0.124     9.576 r  u_top/u_npu/u_conv/ifm_addr2_i_27/O
                         net (fo=1, routed)           0.000     9.576    u_top/u_npu/u_conv/ifm_addr2_i_27_n_0
    SLICE_X12Y57         CARRY4 (Prop_carry4_S[3]_CO[3])
                                                      0.376     9.952 r  u_top/u_npu/u_conv/ifm_addr2_i_6/CO[3]
                         net (fo=1, routed)           0.000     9.952    u_top/u_npu/u_conv/ifm_addr2_i_6_n_0
    SLICE_X12Y58         CARRY4 (Prop_carry4_CI_O[0])
                                                      0.219    10.171 r  u_top/u_npu/u_conv/ifm_addr2_i_5/O[0]
                         net (fo=1, routed)           0.439    10.610    u_top/u_npu/u_conv/ifm_addr4[8]
    SLICE_X13Y57         CARRY4 (Prop_carry4_S[3]_CO[3])
                                                      0.696    11.306 r  u_top/u_npu/u_conv/ifm_addr2_i_2/CO[3]
                         net (fo=1, routed)           0.000    11.306    u_top/u_npu/u_conv/ifm_addr2_i_2_n_0
    SLICE_X13Y58         CARRY4 (Prop_carry4_CI_O[0])
                                                      0.222    11.528 r  u_top/u_npu/u_conv/ifm_addr2_i_1/O[0]
                         net (fo=1, routed)           0.546    12.074    u_top/u_npu/u_conv/A[9]
    DSP48_X0Y23          DSP48E1 (Prop_dsp48e1_A[9]_PCOUT[47])
                                                      4.211    16.285 r  u_top/u_npu/u_conv/ifm_addr2/PCOUT[47]
                         net (fo=1, routed)           0.002    16.287    u_top/u_npu/u_conv/ifm_addr2_n_106
    DSP48_X0Y24          DSP48E1 (Prop_dsp48e1_PCIN[47]_P[12])
                                                      1.518    17.805 r  u_top/u_npu/u_conv/ifm_addr0/P[12]
                         net (fo=1, routed)           0.898    18.702    u_top/u_npu/u_conv/npu_fm_raddr[12]
    SLICE_X9Y61          LUT2 (Prop_lut2_I1_O)        0.124    18.826 r  u_top/u_npu/u_conv/mem_reg_0_i_18/O
                         net (fo=4, routed)           1.408    20.234    u_top/u_fm/ADDRBWRADDR[12]
    RAMB36_X0Y9          RAMB36E1                                     r  u_top/u_fm/mem_reg_0/ADDRBWRADDR[13]
  -------------------------------------------------------------------    -------------------

                         (clock clk_50_raw rise edge)
                                                     20.000    20.000 r  
    E3                                                0.000    20.000 r  CLK100MHZ (IN)
                         net (fo=0)                   0.000    20.000    CLK100MHZ
    E3                   IBUF (Prop_ibuf_I_O)         1.418    21.418 r  CLK100MHZ_IBUF_inst/O
                         net (fo=1, routed)           1.162    22.580    CLK100MHZ_IBUF
    MMCME2_ADV_X1Y1      MMCME2_ADV (Prop_mmcme2_adv_CLKIN1_CLKOUT0)
                                                      0.083    22.663 r  u_mmcm/CLKOUT0
                         net (fo=1, routed)           1.581    24.244    clk_50_raw
    BUFGCTRL_X0Y16       BUFG (Prop_bufg_I_O)         0.091    24.335 r  u_bufg/O
                         net (fo=1682, routed)        1.496    25.831    u_top/u_fm/clk_50
    RAMB36_X0Y9          RAMB36E1                                     r  u_top/u_fm/mem_reg_0/CLKBWRCLK
                         clock pessimism              0.232    26.063    
                         clock uncertainty           -0.082    25.982    
    RAMB36_X0Y9          RAMB36E1 (Setup_ramb36e1_CLKBWRCLK_ADDRBWRADDR[13])
                                                     -0.566    25.416    u_top/u_fm/mem_reg_0
  -------------------------------------------------------------------
                         required time                         25.416    
                         arrival time                         -20.234    
  -------------------------------------------------------------------
                         slack                                  5.181    





Min Delay Paths
--------------------------------------------------------------------------------------
Slack (MET) :             0.088ns  (arrival time - required time)
  Source:                 u_top/u_npu/u_mac/sat_flag_reg/C
                            (rising edge-triggered cell FDCE clocked by clk_50_raw  {rise@0.000ns fall@10.000ns period=20.000ns})
  Destination:            u_top/u_npu/u_conv/sat_seen_reg/D
                            (rising edge-triggered cell FDCE clocked by clk_50_raw  {rise@0.000ns fall@10.000ns period=20.000ns})
  Path Group:             clk_50_raw
  Path Type:              Hold (Min at Fast Process Corner)
  Requirement:            0.000ns  (clk_50_raw rise@0.000ns - clk_50_raw rise@0.000ns)
  Data Path Delay:        0.444ns  (logic 0.186ns (41.886%)  route 0.258ns (58.114%))
  Logic Levels:           1  (LUT6=1)
  Clock Path Skew:        0.265ns (DCD - SCD - CPR)
    Destination Clock Delay (DCD):    2.372ns
    Source Clock Delay      (SCD):    1.824ns
    Clock Pessimism Removal (CPR):    0.283ns

    Location             Delay type                Incr(ns)  Path(ns)    Netlist Resource(s)
  -------------------------------------------------------------------    -------------------
                         (clock clk_50_raw rise edge)
                                                      0.000     0.000 r  
    E3                                                0.000     0.000 r  CLK100MHZ (IN)
                         net (fo=0)                   0.000     0.000    CLK100MHZ
    E3                   IBUF (Prop_ibuf_I_O)         0.257     0.257 r  CLK100MHZ_IBUF_inst/O
                         net (fo=1, routed)           0.440     0.697    CLK100MHZ_IBUF
    MMCME2_ADV_X1Y1      MMCME2_ADV (Prop_mmcme2_adv_CLKIN1_CLKOUT0)
                                                      0.050     0.747 r  u_mmcm/CLKOUT0
                         net (fo=1, routed)           0.486     1.233    clk_50_raw
    BUFGCTRL_X0Y16       BUFG (Prop_bufg_I_O)         0.026     1.259 r  u_bufg/O
                         net (fo=1682, routed)        0.566     1.824    u_top/u_npu/u_mac/clk_50
    SLICE_X40Y49         FDCE                                         r  u_top/u_npu/u_mac/sat_flag_reg/C
  -------------------------------------------------------------------    -------------------
    SLICE_X40Y49         FDCE (Prop_fdce_C_Q)         0.141     1.965 r  u_top/u_npu/u_mac/sat_flag_reg/Q
                         net (fo=1, routed)           0.258     2.223    u_top/u_npu/u_conv/sat_flag
    SLICE_X28Y49         LUT6 (Prop_lut6_I0_O)        0.045     2.268 r  u_top/u_npu/u_conv/sat_seen_i_1/O
                         net (fo=1, routed)           0.000     2.268    u_top/u_npu/u_conv/sat_seen_i_1_n_0
    SLICE_X28Y49         FDCE                                         r  u_top/u_npu/u_conv/sat_seen_reg/D
  -------------------------------------------------------------------    -------------------

                         (clock clk_50_raw rise edge)
                                                      0.000     0.000 r  
    E3                                                0.000     0.000 r  CLK100MHZ (IN)
                         net (fo=0)                   0.000     0.000    CLK100MHZ
    E3                   IBUF (Prop_ibuf_I_O)         0.445     0.445 r  CLK100MHZ_IBUF_inst/O
                         net (fo=1, routed)           0.480     0.925    CLK100MHZ_IBUF
    MMCME2_ADV_X1Y1      MMCME2_ADV (Prop_mmcme2_adv_CLKIN1_CLKOUT0)
                                                      0.053     0.978 r  u_mmcm/CLKOUT0
                         net (fo=1, routed)           0.530     1.507    clk_50_raw
    BUFGCTRL_X0Y16       BUFG (Prop_bufg_I_O)         0.029     1.536 r  u_bufg/O
                         net (fo=1682, routed)        0.836     2.372    u_top/u_npu/u_conv/clk_50
    SLICE_X28Y49         FDCE                                         r  u_top/u_npu/u_conv/sat_seen_reg/C
                         clock pessimism             -0.283     2.089    
    SLICE_X28Y49         FDCE (Hold_fdce_C_D)         0.091     2.180    u_top/u_npu/u_conv/sat_seen_reg
  -------------------------------------------------------------------
                         required time                         -2.180    
                         arrival time                           2.268    
  -------------------------------------------------------------------
                         slack                                  0.088    





Pulse Width Checks
--------------------------------------------------------------------------------------
Clock Name:         clk_50_raw
Waveform(ns):       { 0.000 10.000 }
Period(ns):         20.000
Sources:            { u_mmcm/CLKOUT0 }

Check Type        Corner  Lib Pin             Reference Pin  Required(ns)  Actual(ns)  Slack(ns)  Location         Pin
Min Period        n/a     RAMB36E1/CLKARDCLK  n/a            2.944         20.000      17.056     RAMB36_X0Y9      u_top/u_fm/mem_reg_0/CLKARDCLK
Max Period        n/a     MMCME2_ADV/CLKOUT0  n/a            213.360       20.000      193.360    MMCME2_ADV_X1Y1  u_mmcm/CLKOUT0
Low Pulse Width   Slow    FDCE/C              n/a            0.500         10.000      9.500      SLICE_X13Y73     s2_part_reg[0][19]_i_9/C
High Pulse Width  Slow    FDCE/C              n/a            0.500         10.000      9.500      SLICE_X13Y73     s2_part_reg[0][19]_i_9/C



---------------------------------------------------------------------------------------------------
From Clock:  clk_fb
  To Clock:  clk_fb

Setup :           NA  Failing Endpoints,  Worst Slack           NA  ,  Total Violation           NA
Hold  :           NA  Failing Endpoints,  Worst Slack           NA  ,  Total Violation           NA
PW    :            0  Failing Endpoints,  Worst Slack        8.751ns,  Total Violation        0.000ns
---------------------------------------------------------------------------------------------------


Pulse Width Checks
--------------------------------------------------------------------------------------
Clock Name:         clk_fb
Waveform(ns):       { 0.000 5.000 }
Period(ns):         10.000
Sources:            { u_mmcm/CLKFBOUT }

Check Type  Corner  Lib Pin              Reference Pin  Required(ns)  Actual(ns)  Slack(ns)  Location         Pin
Min Period  n/a     MMCME2_ADV/CLKFBOUT  n/a            1.249         10.000      8.751      MMCME2_ADV_X1Y1  u_mmcm/CLKFBOUT
Max Period  n/a     MMCME2_ADV/CLKFBIN   n/a            100.000       10.000      90.000     MMCME2_ADV_X1Y1  u_mmcm/CLKFBIN



---------------------------------------------------------------------------------------------------
Path Group:  **async_default**
From Clock:  clk_50_raw
  To Clock:  clk_50_raw

Setup :            0  Failing Endpoints,  Worst Slack        8.972ns,  Total Violation        0.000ns
Hold  :            0  Failing Endpoints,  Worst Slack        0.631ns,  Total Violation        0.000ns
---------------------------------------------------------------------------------------------------


Max Delay Paths
--------------------------------------------------------------------------------------
Slack (MET) :             8.972ns  (required time - arrival time)
  Source:                 u_top/rst_n_sync_reg/C
                            (rising edge-triggered cell FDCE clocked by clk_50_raw  {rise@0.000ns fall@10.000ns period=20.000ns})
  Destination:            u_top/u_npu/u_mac/a2_reg[25]/CLR
                            (recovery check against rising-edge clock clk_50_raw  {rise@0.000ns fall@10.000ns period=20.000ns})
  Path Group:             **async_default**
  Path Type:              Recovery (Max at Slow Process Corner)
  Requirement:            20.000ns  (clk_50_raw rise@20.000ns - clk_50_raw rise@0.000ns)
  Data Path Delay:        10.457ns  (logic 0.642ns (6.140%)  route 9.815ns (93.860%))
  Logic Levels:           1  (LUT1=1)
  Clock Path Skew:        -0.171ns (DCD - SCD + CPR)
    Destination Clock Delay (DCD):    5.788ns = ( 25.788 - 20.000 ) 
    Source Clock Delay      (SCD):    6.190ns
    Clock Pessimism Removal (CPR):    0.232ns
  Clock Uncertainty:      0.082ns  ((TSJ^2 + DJ^2)^1/2) / 2 + PE
    Total System Jitter     (TSJ):    0.071ns
    Discrete Jitter          (DJ):    0.147ns
    Phase Error              (PE):    0.000ns

    Location             Delay type                Incr(ns)  Path(ns)    Netlist Resource(s)
  -------------------------------------------------------------------    -------------------
                         (clock clk_50_raw rise edge)
                                                      0.000     0.000 r  
    E3                                                0.000     0.000 r  CLK100MHZ (IN)
                         net (fo=0)                   0.000     0.000    CLK100MHZ
    E3                   IBUF (Prop_ibuf_I_O)         1.489     1.489 r  CLK100MHZ_IBUF_inst/O
                         net (fo=1, routed)           1.233     2.722    CLK100MHZ_IBUF
    MMCME2_ADV_X1Y1      MMCME2_ADV (Prop_mmcme2_adv_CLKIN1_CLKOUT0)
                                                      0.088     2.810 r  u_mmcm/CLKOUT0
                         net (fo=1, routed)           1.661     4.471    clk_50_raw
    BUFGCTRL_X0Y16       BUFG (Prop_bufg_I_O)         0.096     4.567 r  u_bufg/O
                         net (fo=1682, routed)        1.623     6.190    u_top/clk_50
    SLICE_X2Y58          FDCE                                         r  u_top/rst_n_sync_reg/C
  -------------------------------------------------------------------    -------------------
    SLICE_X2Y58          FDCE (Prop_fdce_C_Q)         0.518     6.708 r  u_top/rst_n_sync_reg/Q
                         net (fo=2, routed)           0.478     7.186    u_top/u_npu/rst_n_sync
    SLICE_X4Y60          LUT1 (Prop_lut1_I0_O)        0.124     7.310 f  u_top/u_npu/FSM_sequential_state[2]_i_2__0/O
                         net (fo=1603, routed)        9.337    16.647    u_top/u_npu/u_mac/sat_flag_reg_0
    SLICE_X46Y48         FDCE                                         f  u_top/u_npu/u_mac/a2_reg[25]/CLR
  -------------------------------------------------------------------    -------------------

                         (clock clk_50_raw rise edge)
                                                     20.000    20.000 r  
    E3                                                0.000    20.000 r  CLK100MHZ (IN)
                         net (fo=0)                   0.000    20.000    CLK100MHZ
    E3                   IBUF (Prop_ibuf_I_O)         1.418    21.418 r  CLK100MHZ_IBUF_inst/O
                         net (fo=1, routed)           1.162    22.580    CLK100MHZ_IBUF
    MMCME2_ADV_X1Y1      MMCME2_ADV (Prop_mmcme2_adv_CLKIN1_CLKOUT0)
                                                      0.083    22.663 r  u_mmcm/CLKOUT0
                         net (fo=1, routed)           1.581    24.244    clk_50_raw
    BUFGCTRL_X0Y16       BUFG (Prop_bufg_I_O)         0.091    24.335 r  u_bufg/O
                         net (fo=1682, routed)        1.452    25.788    u_top/u_npu/u_mac/clk_50
    SLICE_X46Y48         FDCE                                         r  u_top/u_npu/u_mac/a2_reg[25]/C
                         clock pessimism              0.232    26.020    
                         clock uncertainty           -0.082    25.938    
    SLICE_X46Y48         FDCE (Recov_fdce_C_CLR)     -0.319    25.619    u_top/u_npu/u_mac/a2_reg[25]
  -------------------------------------------------------------------
                         required time                         25.619    
                         arrival time                         -16.647    
  -------------------------------------------------------------------
                         slack                                  8.972    





Min Delay Paths
--------------------------------------------------------------------------------------
Slack (MET) :             0.631ns  (arrival time - required time)
  Source:                 u_top/rst_n_sync_reg/C
                            (rising edge-triggered cell FDCE clocked by clk_50_raw  {rise@0.000ns fall@10.000ns period=20.000ns})
  Destination:            u_top/FSM_onehot_state_reg[3]/CLR
                            (removal check against rising-edge clock clk_50_raw  {rise@0.000ns fall@10.000ns period=20.000ns})
  Path Group:             **async_default**
  Path Type:              Removal (Min at Fast Process Corner)
  Requirement:            0.000ns  (clk_50_raw rise@0.000ns - clk_50_raw rise@0.000ns)
  Data Path Delay:        0.574ns  (logic 0.209ns (36.394%)  route 0.365ns (63.606%))
  Logic Levels:           1  (LUT1=1)
  Clock Path Skew:        0.035ns (DCD - SCD - CPR)
    Destination Clock Delay (DCD):    2.395ns
    Source Clock Delay      (SCD):    1.848ns
    Clock Pessimism Removal (CPR):    0.511ns

    Location             Delay type                Incr(ns)  Path(ns)    Netlist Resource(s)
  -------------------------------------------------------------------    -------------------
                         (clock clk_50_raw rise edge)
                                                      0.000     0.000 r  
    E3                                                0.000     0.000 r  CLK100MHZ (IN)
                         net (fo=0)                   0.000     0.000    CLK100MHZ
    E3                   IBUF (Prop_ibuf_I_O)         0.257     0.257 r  CLK100MHZ_IBUF_inst/O
                         net (fo=1, routed)           0.440     0.697    CLK100MHZ_IBUF
    MMCME2_ADV_X1Y1      MMCME2_ADV (Prop_mmcme2_adv_CLKIN1_CLKOUT0)
                                                      0.050     0.747 r  u_mmcm/CLKOUT0
                         net (fo=1, routed)           0.486     1.233    clk_50_raw
    BUFGCTRL_X0Y16       BUFG (Prop_bufg_I_O)         0.026     1.259 r  u_bufg/O
                         net (fo=1682, routed)        0.590     1.848    u_top/clk_50
    SLICE_X2Y58          FDCE                                         r  u_top/rst_n_sync_reg/C
  -------------------------------------------------------------------    -------------------
    SLICE_X2Y58          FDCE (Prop_fdce_C_Q)         0.164     2.012 r  u_top/rst_n_sync_reg/Q
                         net (fo=2, routed)           0.185     2.197    u_top/u_npu/rst_n_sync
    SLICE_X4Y60          LUT1 (Prop_lut1_I0_O)        0.045     2.242 f  u_top/u_npu/FSM_sequential_state[2]_i_2__0/O
                         net (fo=1603, routed)        0.180     2.423    u_top/rst_n_sync_reg_0
    SLICE_X7Y59          FDCE                                         f  u_top/FSM_onehot_state_reg[3]/CLR
  -------------------------------------------------------------------    -------------------

                         (clock clk_50_raw rise edge)
                                                      0.000     0.000 r  
    E3                                                0.000     0.000 r  CLK100MHZ (IN)
                         net (fo=0)                   0.000     0.000    CLK100MHZ
    E3                   IBUF (Prop_ibuf_I_O)         0.445     0.445 r  CLK100MHZ_IBUF_inst/O
                         net (fo=1, routed)           0.480     0.925    CLK100MHZ_IBUF
    MMCME2_ADV_X1Y1      MMCME2_ADV (Prop_mmcme2_adv_CLKIN1_CLKOUT0)
                                                      0.053     0.978 r  u_mmcm/CLKOUT0
                         net (fo=1, routed)           0.530     1.507    clk_50_raw
    BUFGCTRL_X0Y16       BUFG (Prop_bufg_I_O)         0.029     1.536 r  u_bufg/O
                         net (fo=1682, routed)        0.859     2.395    u_top/clk_50
    SLICE_X7Y59          FDCE                                         r  u_top/FSM_onehot_state_reg[3]/C
                         clock pessimism             -0.511     1.883    
    SLICE_X7Y59          FDCE (Remov_fdce_C_CLR)     -0.092     1.791    u_top/FSM_onehot_state_reg[3]
  -------------------------------------------------------------------
                         required time                         -1.791    
                         arrival time                           2.423    
  -------------------------------------------------------------------
                         slack                                  0.631    





